<?xml version="1.0" encoding="UTF-8"?>
<!-- Generated by org.testng.reporters.JUnitXMLReporter -->
<testsuite ignored="0" hostname="PF4NJ86S" failures="0" tests="7" name="Surefire test" time="2.709" errors="0" timestamp="2026-06-02T23:20:46 IST">
  <testcase classname="TestBase.BaseClass" name="@BeforeClass setup" time="-1.780422643375E9">
    <failure type="org.testng.TestNGException" message="
Parameter &amp;apos;os&amp;apos; is required by BeforeClass on method setup but has not been marked @Optional or defined
">
      <![CDATA[org.testng.TestNGException: 
Parameter 'os' is required by BeforeClass on method setup but has not been marked @Optional or defined

at java.base/java.util.ArrayList.forEach(ArrayList.java:1511)
... Removed 27 stack frames]]>
    </failure>
  </testcase> <!-- @BeforeClass setup -->
  <testcase classname="TestBase.BaseClass" name="@AfterClass teardown" time="0.0">
    <skipped/>
  </testcase> <!-- @AfterClass teardown -->
  <testcase classname="TestCases.TC003_LoginDDTTest" name="Verify_loginDDT" time="0.0">
    <skipped/>
  </testcase> <!-- Verify_loginDDT -->
  <testcase classname="TestCases.TC003_LoginDDTTest" name="Verify_loginDDT" time="0.0">
    <skipped/>
  </testcase> <!-- Verify_loginDDT -->
  <testcase classname="TestCases.TC003_LoginDDTTest" name="Verify_loginDDT" time="0.001">
    <skipped/>
  </testcase> <!-- Verify_loginDDT -->
  <testcase classname="TestCases.TC003_LoginDDTTest" name="Verify_loginDDT" time="0.0">
    <skipped/>
  </testcase> <!-- Verify_loginDDT -->
  <testcase classname="TestCases.TC003_LoginDDTTest" name="Verify_loginDDT" time="0.0">
    <skipped/>
  </testcase> <!-- Verify_loginDDT -->
  <testcase classname="TestCases.TC003_LoginDDTTest" name="Verify_loginDDT" time="0.0">
    <skipped/>
  </testcase> <!-- Verify_loginDDT -->
  <testcase classname="TestCases.TC003_LoginDDTTest" name="Verify_loginDDT" time="0.0">
    <skipped/>
  </testcase> <!-- Verify_loginDDT -->
</testsuite> <!-- Surefire test -->
