<?xml version="1.0" encoding="UTF-8"?>
<!-- Generated by org.testng.reporters.JUnitXMLReporter -->
<testsuite ignored="0" hostname="PF4NJ86S" failures="1" tests="1" name="Test1(failed)" time="12.296" errors="0" timestamp="2026-05-30T22:59:40 IST">
  <testcase classname="TestCases.TC002_MyAccountLogin" name="verify_MyAccountLogin" time="6.138">
    <failure type="java.lang.AssertionError" message="expected [true] but found [false]">
      <![CDATA[java.lang.AssertionError: expected [true] but found [false]
at TestCases.TC002_MyAccountLogin.verify_MyAccountLogin(TC002_MyAccountLogin.java:36)
at java.base/java.util.ArrayList.forEach(ArrayList.java:1511)
... Removed 31 stack frames]]>
    </failure>
  </testcase> <!-- verify_MyAccountLogin -->
</testsuite> <!-- Test1(failed) -->
