<?xml version="1.0" encoding="UTF-8"?>
<!-- Generated by org.testng.reporters.JUnitReportReporter -->
<testsuite hostname="PF4NJ86S" failures="0" tests="7" name="TestCases.TC003_LoginDDTTest" time="35.671" errors="0" timestamp="2026-05-26T17:26:56 IST" skipped="0">
  <testcase classname="TestCases.TC003_LoginDDTTest" name="Verify_loginDDT" time="5.938"/>
  <testcase classname="TestCases.TC003_LoginDDTTest" name="Verify_loginDDT" time="5.915"/>
  <testcase classname="TestCases.TC003_LoginDDTTest" name="Verify_loginDDT" time="3.348"/>
  <testcase classname="TestCases.TC003_LoginDDTTest" name="Verify_loginDDT" time="5.876"/>
  <testcase classname="TestCases.TC003_LoginDDTTest" name="Verify_loginDDT" time="5.977"/>
  <testcase classname="TestCases.TC003_LoginDDTTest" name="Verify_loginDDT" time="2.816"/>
  <testcase classname="TestCases.TC003_LoginDDTTest" name="Verify_loginDDT" time="5.801"/>
</testsuite> <!-- TestCases.TC003_LoginDDTTest -->
